#! /usr/local/iverilog/bin/vvp
:ivl_version "11.0 (devel)" "(s20150603-642-g3bdb50da)";
:ivl_delay_selection "TYPICAL";
:vpi_time_precision + 0;
:vpi_module "system";
:vpi_module "vhdl_sys";
:vpi_module "vhdl_textio";
:vpi_module "v2005_math";
:vpi_module "va_math";
S_000000000092b660 .scope module, "banco_registradores_tb" "banco_registradores_tb" 2 3;
 .timescale 0 0;
v0000000001181970_0 .var "RegWrite", 0 0;
v0000000001181a10_0 .var "clock", 0 0;
v0000000001181ab0_0 .var "dado_escrita", 31 0;
v0000000001181b50_0 .net "dado_lido1", 31 0, v0000000001119c90_0;  1 drivers
v0000000001181bf0_0 .net "dado_lido2", 31 0, v000000000112bce0_0;  1 drivers
v0000000001181c90_0 .var "rd", 4 0;
v0000000001182820_0 .var "rs", 4 0;
v0000000001182000_0 .var "rt", 4 0;
S_000000000112bab0 .scope module, "UO" "banco_registradores" 2 32, 3 1 0, S_000000000092b660;
 .timescale 0 0;
    .port_info 0 /INPUT 1 "clock";
    .port_info 1 /INPUT 1 "RegWrite";
    .port_info 2 /INPUT 5 "r1";
    .port_info 3 /INPUT 5 "r2";
    .port_info 4 /INPUT 5 "r3";
    .port_info 5 /INPUT 32 "dado_escrita";
    .port_info 6 /OUTPUT 32 "dado_lido1";
    .port_info 7 /OUTPUT 32 "dado_lido2";
v000000000112bc40_0 .net "RegWrite", 0 0, v0000000001181970_0;  1 drivers
v0000000001119b50_0 .net "clock", 0 0, v0000000001181a10_0;  1 drivers
v0000000001119bf0_0 .net "dado_escrita", 31 0, v0000000001181ab0_0;  1 drivers
v0000000001119c90_0 .var "dado_lido1", 31 0;
v000000000112bce0_0 .var "dado_lido2", 31 0;
v000000000112bd80_0 .net "r1", 4 0, v0000000001182820_0;  1 drivers
v000000000112be20_0 .net "r2", 4 0, v0000000001182000_0;  1 drivers
v0000000001181830_0 .net "r3", 4 0, v0000000001181c90_0;  1 drivers
v00000000011818d0 .array "registradores", 0 31, 31 0;
E_0000000001115250 .event negedge, v0000000001119b50_0;
E_0000000001115bd0 .event posedge, v0000000001119b50_0;
    .scope S_000000000112bab0;
T_0 ;
    %pushi/vec4 0, 0, 32;
    %ix/load 4, 0, 0;
    %flag_set/imm 4, 0;
    %store/vec4a v00000000011818d0, 4, 0;
    %pushi/vec4 1, 0, 32;
    %ix/load 4, 1, 0;
    %flag_set/imm 4, 0;
    %store/vec4a v00000000011818d0, 4, 0;
    %pushi/vec4 2, 0, 32;
    %ix/load 4, 2, 0;
    %flag_set/imm 4, 0;
    %store/vec4a v00000000011818d0, 4, 0;
    %pushi/vec4 4, 0, 32;
    %ix/load 4, 3, 0;
    %flag_set/imm 4, 0;
    %store/vec4a v00000000011818d0, 4, 0;
    %pushi/vec4 8, 0, 32;
    %ix/load 4, 4, 0;
    %flag_set/imm 4, 0;
    %store/vec4a v00000000011818d0, 4, 0;
    %pushi/vec4 16, 0, 32;
    %ix/load 4, 5, 0;
    %flag_set/imm 4, 0;
    %store/vec4a v00000000011818d0, 4, 0;
    %pushi/vec4 32, 0, 32;
    %ix/load 4, 6, 0;
    %flag_set/imm 4, 0;
    %store/vec4a v00000000011818d0, 4, 0;
    %pushi/vec4 64, 0, 32;
    %ix/load 4, 7, 0;
    %flag_set/imm 4, 0;
    %store/vec4a v00000000011818d0, 4, 0;
    %pushi/vec4 128, 0, 32;
    %ix/load 4, 8, 0;
    %flag_set/imm 4, 0;
    %store/vec4a v00000000011818d0, 4, 0;
    %pushi/vec4 256, 0, 32;
    %ix/load 4, 9, 0;
    %flag_set/imm 4, 0;
    %store/vec4a v00000000011818d0, 4, 0;
    %pushi/vec4 257, 0, 32;
    %ix/load 4, 10, 0;
    %flag_set/imm 4, 0;
    %store/vec4a v00000000011818d0, 4, 0;
    %pushi/vec4 258, 0, 32;
    %ix/load 4, 11, 0;
    %flag_set/imm 4, 0;
    %store/vec4a v00000000011818d0, 4, 0;
    %pushi/vec4 260, 0, 32;
    %ix/load 4, 12, 0;
    %flag_set/imm 4, 0;
    %store/vec4a v00000000011818d0, 4, 0;
    %pushi/vec4 264, 0, 32;
    %ix/load 4, 13, 0;
    %flag_set/imm 4, 0;
    %store/vec4a v00000000011818d0, 4, 0;
    %pushi/vec4 272, 0, 32;
    %ix/load 4, 14, 0;
    %flag_set/imm 4, 0;
    %store/vec4a v00000000011818d0, 4, 0;
    %pushi/vec4 288, 0, 32;
    %ix/load 4, 15, 0;
    %flag_set/imm 4, 0;
    %store/vec4a v00000000011818d0, 4, 0;
    %pushi/vec4 320, 0, 32;
    %ix/load 4, 16, 0;
    %flag_set/imm 4, 0;
    %store/vec4a v00000000011818d0, 4, 0;
    %pushi/vec4 896, 0, 32;
    %ix/load 4, 17, 0;
    %flag_set/imm 4, 0;
    %store/vec4a v00000000011818d0, 4, 0;
    %pushi/vec4 259, 0, 32;
    %ix/load 4, 18, 0;
    %flag_set/imm 4, 0;
    %store/vec4a v00000000011818d0, 4, 0;
    %pushi/vec4 268, 0, 32;
    %ix/load 4, 19, 0;
    %flag_set/imm 4, 0;
    %store/vec4a v00000000011818d0, 4, 0;
    %pushi/vec4 280, 0, 32;
    %ix/load 4, 20, 0;
    %flag_set/imm 4, 0;
    %store/vec4a v00000000011818d0, 4, 0;
    %pushi/vec4 352, 0, 32;
    %ix/load 4, 21, 0;
    %flag_set/imm 4, 0;
    %store/vec4a v00000000011818d0, 4, 0;
    %pushi/vec4 480, 0, 32;
    %ix/load 4, 22, 0;
    %flag_set/imm 4, 0;
    %store/vec4a v00000000011818d0, 4, 0;
    %pushi/vec4 286, 0, 32;
    %ix/load 4, 23, 0;
    %flag_set/imm 4, 0;
    %store/vec4a v00000000011818d0, 4, 0;
    %pushi/vec4 524546, 0, 32;
    %ix/load 4, 24, 0;
    %flag_set/imm 4, 0;
    %store/vec4a v00000000011818d0, 4, 0;
    %pushi/vec4 557312, 0, 32;
    %ix/load 4, 25, 0;
    %flag_set/imm 4, 0;
    %store/vec4a v00000000011818d0, 4, 0;
    %pushi/vec4 98560, 0, 32;
    %ix/load 4, 26, 0;
    %flag_set/imm 4, 0;
    %store/vec4a v00000000011818d0, 4, 0;
    %pushi/vec4 229632, 0, 32;
    %ix/load 4, 27, 0;
    %flag_set/imm 4, 0;
    %store/vec4a v00000000011818d0, 4, 0;
    %pushi/vec4 4352, 0, 32;
    %ix/load 4, 28, 0;
    %flag_set/imm 4, 0;
    %store/vec4a v00000000011818d0, 4, 0;
    %pushi/vec4 12544, 0, 32;
    %ix/load 4, 29, 0;
    %flag_set/imm 4, 0;
    %store/vec4a v00000000011818d0, 4, 0;
    %pushi/vec4 28928, 0, 32;
    %ix/load 4, 30, 0;
    %flag_set/imm 4, 0;
    %store/vec4a v00000000011818d0, 4, 0;
    %pushi/vec4 4352, 0, 32;
    %ix/load 4, 31, 0;
    %flag_set/imm 4, 0;
    %store/vec4a v00000000011818d0, 4, 0;
    %end;
    .thread T_0;
    .scope S_000000000112bab0;
T_1 ;
    %wait E_0000000001115bd0;
    %load/vec4 v000000000112bd80_0;
    %pad/u 7;
    %ix/vec4 4;
    %load/vec4a v00000000011818d0, 4;
    %store/vec4 v0000000001119c90_0, 0, 32;
    %load/vec4 v000000000112be20_0;
    %pad/u 7;
    %ix/vec4 4;
    %load/vec4a v00000000011818d0, 4;
    %store/vec4 v000000000112bce0_0, 0, 32;
    %jmp T_1;
    .thread T_1;
    .scope S_000000000112bab0;
T_2 ;
    %wait E_0000000001115250;
    %load/vec4 v000000000112bc40_0;
    %pad/u 32;
    %cmpi/e 1, 0, 32;
    %jmp/0xz  T_2.0, 4;
    %load/vec4 v0000000001119bf0_0;
    %load/vec4 v0000000001181830_0;
    %pad/u 7;
    %ix/vec4 4;
    %store/vec4a v00000000011818d0, 4, 0;
T_2.0 ;
    %jmp T_2;
    .thread T_2;
    .scope S_000000000092b660;
T_3 ;
    %vpi_call 2 14 "$monitor", "clock=%b, RegWrite=%b, rs=%b, rt=%b, rd=%b, dado_escrita=%b, dado1=%b, dado2=%b", v0000000001181a10_0, v0000000001181970_0, v0000000001182820_0, v0000000001182000_0, v0000000001181c90_0, v0000000001181ab0_0, v0000000001181b50_0, v0000000001181bf0_0 {0 0 0};
    %pushi/vec4 0, 0, 1;
    %store/vec4 v0000000001181a10_0, 0, 1;
    %delay 5, 0;
    %pushi/vec4 1, 0, 1;
    %store/vec4 v0000000001181970_0, 0, 1;
    %pushi/vec4 1, 0, 5;
    %store/vec4 v0000000001182820_0, 0, 5;
    %pushi/vec4 3, 0, 5;
    %store/vec4 v0000000001182000_0, 0, 5;
    %pushi/vec4 4, 0, 5;
    %store/vec4 v0000000001181c90_0, 0, 5;
    %pushi/vec4 8, 0, 32;
    %store/vec4 v0000000001181ab0_0, 0, 32;
    %delay 5, 0;
    %pushi/vec4 4, 0, 5;
    %store/vec4 v0000000001182820_0, 0, 5;
    %pushi/vec4 4, 0, 5;
    %store/vec4 v0000000001182000_0, 0, 5;
    %pushi/vec4 6, 0, 5;
    %store/vec4 v0000000001181c90_0, 0, 5;
    %pushi/vec4 15, 0, 32;
    %store/vec4 v0000000001181ab0_0, 0, 32;
    %delay 5, 0;
    %vpi_call 2 25 "$finish" {0 0 0};
    %end;
    .thread T_3;
    .scope S_000000000092b660;
T_4 ;
    %delay 5, 0;
    %load/vec4 v0000000001181a10_0;
    %nor/r;
    %store/vec4 v0000000001181a10_0, 0, 1;
    %jmp T_4;
    .thread T_4;
# The file index is used to find the file name in the following table.
:file_names 4;
    "N/A";
    "<interactive>";
    "banco_registradores_tb.v";
    "./banco_registradores.v";
