#! /usr/local/iverilog/bin/vvp
:ivl_version "11.0 (devel)" "(s20150603-642-g3bdb50da)";
:ivl_delay_selection "TYPICAL";
:vpi_time_precision + 0;
:vpi_module "system";
:vpi_module "vhdl_sys";
:vpi_module "vhdl_textio";
:vpi_module "v2005_math";
:vpi_module "va_math";
S_00000000010b54d0 .scope module, "IF" "IF" 2 6;
 .timescale 0 0;
v00000000010b2ca0_0 .var "PCSrc", 0 0;
v00000000010b3380_0 .var "clock", 0 0;
v00000000010b2660_0 .var "endereco_desvio", 31 0;
v00000000010b2fc0_0 .net "saidaMem", 31 0, v00000000010a7a10_0;  1 drivers
v00000000010b2a20_0 .net "saidaMux", 31 0, v00000000008cbe00_0;  1 drivers
v00000000010b2840_0 .net "saidaPC", 31 0, v00000000010b8a70_0;  1 drivers
v00000000010b27a0_0 .net "saidaPC4", 31 0, v00000000010b2980_0;  1 drivers
S_00000000010b5660 .scope module, "memIn" "memoria_instrucao" 2 39, 3 1 0, S_00000000010b54d0;
 .timescale 0 0;
    .port_info 0 /INPUT 1 "clock";
    .port_info 1 /INPUT 32 "endereco";
    .port_info 2 /OUTPUT 32 "instrucaoOut";
v00000000010a6a00_0 .net "clock", 0 0, v00000000010b3380_0;  1 drivers
v00000000010b57f0_0 .net "endereco", 31 0, v00000000010b2980_0;  alias, 1 drivers
v00000000010a7a10_0 .var "instrucaoOut", 31 0;
v00000000010a7ab0 .array "instrucoes", 0 13, 31 0;
E_00000000008ca3f0 .event negedge, v00000000010a6a00_0;
S_00000000008cba90 .scope module, "mux" "muxIF" 2 33, 4 1 0, S_00000000010b54d0;
 .timescale 0 0;
    .port_info 0 /INPUT 1 "clock";
    .port_info 1 /INPUT 1 "PCSrc";
    .port_info 2 /INPUT 32 "entradaPC4_mux";
    .port_info 3 /INPUT 32 "sinal_deslocado";
    .port_info 4 /OUTPUT 32 "resposta";
v00000000008cbc20_0 .net "PCSrc", 0 0, v00000000010b2ca0_0;  1 drivers
v00000000008cbcc0_0 .net "clock", 0 0, v00000000010b3380_0;  alias, 1 drivers
v00000000008cbd60_0 .net "entradaPC4_mux", 31 0, v00000000010b2980_0;  alias, 1 drivers
v00000000008cbe00_0 .var "resposta", 31 0;
v00000000010b8700_0 .net "sinal_deslocado", 31 0, v00000000010b2660_0;  1 drivers
E_00000000008c9630/0 .event negedge, v00000000010a6a00_0;
E_00000000008c9630/1 .event posedge, v00000000010a6a00_0;
E_00000000008c9630 .event/or E_00000000008c9630/0, E_00000000008c9630/1;
S_00000000010b87a0 .scope module, "pc" "PC" 2 35, 5 1 0, S_00000000010b54d0;
 .timescale 0 0;
    .port_info 0 /INPUT 1 "clock";
    .port_info 1 /INPUT 32 "entrada";
    .port_info 2 /OUTPUT 32 "saida";
v00000000010b8930_0 .net "clock", 0 0, v00000000010b3380_0;  alias, 1 drivers
v00000000010b89d0_0 .net "entrada", 31 0, v00000000008cbe00_0;  alias, 1 drivers
v00000000010b8a70_0 .var "saida", 31 0;
E_00000000008ca030 .event posedge, v00000000010a6a00_0;
S_00000000008c6760 .scope module, "pc4" "somadorPC4" 2 37, 6 1 0, S_00000000010b54d0;
 .timescale 0 0;
    .port_info 0 /INPUT 1 "clock";
    .port_info 1 /INPUT 32 "PC";
    .port_info 2 /OUTPUT 32 "PC4";
v00000000008c68f0_0 .net "PC", 31 0, v00000000010b8a70_0;  alias, 1 drivers
v00000000010b2980_0 .var "PC4", 31 0;
v00000000010b34c0_0 .net "clock", 0 0, v00000000010b3380_0;  alias, 1 drivers
    .scope S_00000000008cba90;
T_0 ;
    %wait E_00000000008c9630;
    %load/vec4 v00000000008cbc20_0;
    %pad/u 32;
    %cmpi/e 0, 0, 32;
    %jmp/0xz  T_0.0, 4;
    %load/vec4 v00000000008cbd60_0;
    %assign/vec4 v00000000008cbe00_0, 0;
T_0.0 ;
    %load/vec4 v00000000008cbc20_0;
    %pad/u 32;
    %cmpi/e 1, 0, 32;
    %jmp/0xz  T_0.2, 4;
    %load/vec4 v00000000010b8700_0;
    %assign/vec4 v00000000008cbe00_0, 0;
T_0.2 ;
    %jmp T_0;
    .thread T_0;
    .scope S_00000000010b87a0;
T_1 ;
    %pushi/vec4 0, 0, 32;
    %store/vec4 v00000000010b8a70_0, 0, 32;
    %end;
    .thread T_1;
    .scope S_00000000010b87a0;
T_2 ;
    %wait E_00000000008ca030;
    %load/vec4 v00000000010b89d0_0;
    %store/vec4 v00000000010b8a70_0, 0, 32;
    %jmp T_2;
    .thread T_2;
    .scope S_00000000008c6760;
T_3 ;
    %wait E_00000000008c9630;
    %load/vec4 v00000000008c68f0_0;
    %addi 4, 0, 32;
    %store/vec4 v00000000010b2980_0, 0, 32;
    %jmp T_3;
    .thread T_3;
    .scope S_00000000010b5660;
T_4 ;
    %vpi_call 3 11 "$readmemb", "inst.txt", v00000000010a7ab0 {0 0 0};
    %end;
    .thread T_4;
    .scope S_00000000010b5660;
T_5 ;
    %wait E_00000000008ca3f0;
    %load/vec4 v00000000010b57f0_0;
    %pad/u 33;
    %pushi/vec4 4, 0, 33;
    %div;
    %subi 1, 0, 33;
    %ix/vec4 4;
    %load/vec4a v00000000010a7ab0, 4;
    %store/vec4 v00000000010a7a10_0, 0, 32;
    %jmp T_5;
    .thread T_5;
    .scope S_00000000010b54d0;
T_6 ;
    %vpi_call 2 19 "$monitor", "clock = %b \012 saida mux = %b \012 saida PC = %b \012 saida PC4 = %b \012 Instrucao = %b", v00000000010b3380_0, v00000000010b2a20_0, v00000000010b2840_0, v00000000010b27a0_0, v00000000010b2fc0_0 {0 0 0};
    %pushi/vec4 0, 0, 1;
    %store/vec4 v00000000010b3380_0, 0, 1;
    %pushi/vec4 0, 0, 1;
    %store/vec4 v00000000010b2ca0_0, 0, 1;
    %pushi/vec4 0, 0, 32;
    %store/vec4 v00000000010b2660_0, 0, 32;
    %delay 10, 0;
    %pushi/vec4 0, 0, 1;
    %store/vec4 v00000000010b2ca0_0, 0, 1;
    %delay 35, 0;
    %pushi/vec4 0, 0, 1;
    %store/vec4 v00000000010b3380_0, 0, 1;
    %vpi_call 2 26 "$finish" {0 0 0};
    %end;
    .thread T_6;
    .scope S_00000000010b54d0;
T_7 ;
    %delay 5, 0;
    %load/vec4 v00000000010b3380_0;
    %inv;
    %store/vec4 v00000000010b3380_0, 0, 1;
    %jmp T_7;
    .thread T_7;
# The file index is used to find the file name in the following table.
:file_names 7;
    "N/A";
    "<interactive>";
    "IF.v";
    "./memoria_instrucao.v";
    "./muxIF.v";
    "./PC.v";
    "./somadorPC4.v";
