#! /usr/local/iverilog/bin/vvp
:ivl_version "11.0 (devel)" "(s20150603-642-g3bdb50da)";
:ivl_delay_selection "TYPICAL";
:vpi_time_precision + 0;
:vpi_module "system";
:vpi_module "vhdl_sys";
:vpi_module "vhdl_textio";
:vpi_module "v2005_math";
:vpi_module "va_math";
S_00000000009e6830 .scope module, "memoria_instrucao" "memoria_instrucao" 2 1;
 .timescale 0 0;
    .port_info 0 /INPUT 1 "clock";
    .port_info 1 /INPUT 32 "endereco";
    .port_info 2 /OUTPUT 32 "instrucaoOut";
o0000000000876fa8 .functor BUFZ 1, C4<z>; HiZ drive
v0000000000876f00_0 .net "clock", 0 0, o0000000000876fa8;  0 drivers
o0000000000876fd8 .functor BUFZ 32, C4<zzzzzzzzzzzzzzzzzzzzzzzzzzzzzzzz>; HiZ drive
v00000000009e69c0_0 .net "endereco", 31 0, o0000000000876fd8;  0 drivers
v00000000009e6a60_0 .var "instrucaoOut", 31 0;
v00000000009ed490 .array "instrucoes", 0 13, 31 0;
E_00000000008748d0 .event negedge, v0000000000876f00_0;
    .scope S_00000000009e6830;
T_0 ;
    %vpi_call 2 11 "$readmemb", "inst.txt", v00000000009ed490 {0 0 0};
    %end;
    .thread T_0;
    .scope S_00000000009e6830;
T_1 ;
    %wait E_00000000008748d0;
    %ix/getv 4, v00000000009e69c0_0;
    %load/vec4a v00000000009ed490, 4;
    %store/vec4 v00000000009e6a60_0, 0, 32;
    %jmp T_1;
    .thread T_1;
# The file index is used to find the file name in the following table.
:file_names 3;
    "N/A";
    "<interactive>";
    "memoria_instrucao.v";
