#! /usr/local/iverilog/bin/vvp
:ivl_version "11.0 (devel)" "(s20150603-642-g3bdb50da)";
:ivl_delay_selection "TYPICAL";
:vpi_time_precision + 0;
:vpi_module "system";
:vpi_module "vhdl_sys";
:vpi_module "vhdl_textio";
:vpi_module "v2005_math";
:vpi_module "va_math";
S_00000000008e6910 .scope module, "memoria_dados" "memoria_dados" 2 1;
 .timescale 0 0;
    .port_info 0 /INPUT 1 "clock";
    .port_info 1 /INPUT 1 "memRead";
    .port_info 2 /INPUT 1 "memWrite";
    .port_info 3 /INPUT 32 "endereco";
    .port_info 4 /INPUT 32 "dadoEscrita";
    .port_info 5 /OUTPUT 32 "dadoLido";
o0000000000936fa8 .functor BUFZ 1, C4<z>; HiZ drive
v00000000008e6b10_0 .net "clock", 0 0, o0000000000936fa8;  0 drivers
o0000000000936fd8 .functor BUFZ 32, C4<zzzzzzzzzzzzzzzzzzzzzzzzzzzzzzzz>; HiZ drive
v00000000008eef30_0 .net "dadoEscrita", 31 0, o0000000000936fd8;  0 drivers
v00000000008e6bb0_0 .var "dadoLido", 31 0;
v00000000008ea930 .array "dados", 0 1599, 31 0;
o0000000000937038 .functor BUFZ 32, C4<zzzzzzzzzzzzzzzzzzzzzzzzzzzzzzzz>; HiZ drive
v00000000008ea9d0_0 .net "endereco", 31 0, o0000000000937038;  0 drivers
o0000000000937068 .functor BUFZ 1, C4<z>; HiZ drive
v00000000008eaa70_0 .net "memRead", 0 0, o0000000000937068;  0 drivers
o0000000000937098 .functor BUFZ 1, C4<z>; HiZ drive
v00000000008eab10_0 .net "memWrite", 0 0, o0000000000937098;  0 drivers
E_00000000008ec980 .event negedge, v00000000008e6b10_0;
E_00000000008ec5c0 .event posedge, v00000000008e6b10_0;
    .scope S_00000000008e6910;
T_0 ;
    %wait E_00000000008ec5c0;
    %load/vec4 v00000000008eaa70_0;
    %pad/u 32;
    %cmpi/e 1, 0, 32;
    %jmp/0xz  T_0.0, 4;
    %ix/getv 4, v00000000008ea9d0_0;
    %load/vec4a v00000000008ea930, 4;
    %assign/vec4 v00000000008e6bb0_0, 0;
T_0.0 ;
    %jmp T_0;
    .thread T_0;
    .scope S_00000000008e6910;
T_1 ;
    %wait E_00000000008ec980;
    %load/vec4 v00000000008eab10_0;
    %pad/u 32;
    %cmpi/e 1, 0, 32;
    %jmp/0xz  T_1.0, 4;
    %load/vec4 v00000000008eef30_0;
    %ix/getv 3, v00000000008ea9d0_0;
    %ix/load 4, 0, 0; Constant delay
    %assign/vec4/a/d v00000000008ea930, 0, 4;
T_1.0 ;
    %jmp T_1;
    .thread T_1;
# The file index is used to find the file name in the following table.
:file_names 3;
    "N/A";
    "<interactive>";
    "memoria_dados.v";
