#! /usr/local/iverilog/bin/vvp
:ivl_version "11.0 (devel)" "(s20150603-642-g3bdb50da)";
:ivl_delay_selection "TYPICAL";
:vpi_time_precision + 0;
:vpi_module "system";
:vpi_module "vhdl_sys";
:vpi_module "vhdl_textio";
:vpi_module "v2005_math";
:vpi_module "va_math";
S_000000000108e260 .scope module, "modulo_tb" "modulo_tb" 2 3;
 .timescale 0 0;
o0000000000f49188 .functor BUFZ 32, C4<zzzzzzzzzzzzzzzzzzzzzzzzzzzzzzzz>; HiZ drive
v0000000001086ab0_0 .net "PC", 31 0, o0000000000f49188;  0 drivers
L_0000000000f8b8e8 .functor BUFT 1, C4<00000000000000000000000000000001>, C4<0>, C4<0>, C4<0>;
RS_0000000000f49008 .resolv tri, v000000000108b310_0, L_0000000000f8b8e8;
v0000000001086b50_0 .net8 "PC4", 31 0, RS_0000000000f49008;  2 drivers
v0000000001086bf0_0 .var "clock", 0 0;
v0000000000f8b840_0 .var "entrada", 31 0;
S_000000000108e3f0 .scope module, "U3" "modulo" 2 22, 3 4 0, S_000000000108e260;
 .timescale 0 0;
    .port_info 0 /INPUT 1 "clock";
    .port_info 1 /INPUT 32 "PC";
    .port_info 2 /OUTPUT 32 "PC4";
v000000000108b570_0 .net "PC", 31 0, o0000000000f49188;  alias, 0 drivers
v00000000010868d0_0 .net8 "PC4", 31 0, RS_0000000000f49008;  alias, 2 drivers
v0000000001086970_0 .net "clock", 0 0, v0000000001086bf0_0;  1 drivers
v0000000001086a10_0 .net "saida", 31 0, v000000000108a6c0_0;  1 drivers
S_0000000000f468a0 .scope module, "U0" "PC" 3 17, 4 1 0, S_000000000108e3f0;
 .timescale 0 0;
    .port_info 0 /INPUT 1 "clock";
    .port_info 1 /INPUT 32 "entrada";
    .port_info 2 /OUTPUT 32 "saida";
v000000000108e580_0 .net "clock", 0 0, v0000000001086bf0_0;  alias, 1 drivers
v0000000001089d30_0 .net8 "entrada", 31 0, RS_0000000000f49008;  alias, 2 drivers
v000000000108a6c0_0 .var "saida", 31 0;
E_0000000001088d20 .event posedge, v000000000108e580_0;
S_0000000000f46a30 .scope module, "U1" "somadorPC4" 3 18, 5 1 0, S_000000000108e3f0;
 .timescale 0 0;
    .port_info 0 /INPUT 1 "clock";
    .port_info 1 /INPUT 32 "PC";
    .port_info 2 /OUTPUT 32 "PC4";
v0000000000f46bc0_0 .net "PC", 31 0, v000000000108a6c0_0;  alias, 1 drivers
v000000000108b310_0 .var "PC4", 31 0;
v000000000108b4d0_0 .net "clock", 0 0, v0000000001086bf0_0;  alias, 1 drivers
    .scope S_0000000000f468a0;
T_0 ;
    %wait E_0000000001088d20;
    %load/vec4 v0000000001089d30_0;
    %store/vec4 v000000000108a6c0_0, 0, 32;
    %jmp T_0;
    .thread T_0;
    .scope S_0000000000f46a30;
T_1 ;
    %wait E_0000000001088d20;
    %load/vec4 v0000000000f46bc0_0;
    %addi 4, 0, 32;
    %store/vec4 v000000000108b310_0, 0, 32;
    %jmp T_1;
    .thread T_1;
    .scope S_000000000108e260;
T_2 ;
    %vpi_call 2 12 "$monitor", "clock = %b, PC4 = %b", v0000000001086bf0_0, v0000000001086b50_0 {0 0 0};
    %pushi/vec4 0, 0, 1;
    %store/vec4 v0000000001086bf0_0, 0, 1;
    %delay 5, 0;
    %pushi/vec4 4, 0, 32;
    %store/vec4 v0000000000f8b840_0, 0, 32;
    %delay 20, 0;
    %vpi_call 2 15 "$finish" {0 0 0};
    %end;
    .thread T_2;
    .scope S_000000000108e260;
T_3 ;
    %delay 5, 0;
    %load/vec4 v0000000001086bf0_0;
    %nor/r;
    %store/vec4 v0000000001086bf0_0, 0, 1;
    %jmp T_3;
    .thread T_3;
# The file index is used to find the file name in the following table.
:file_names 6;
    "N/A";
    "<interactive>";
    "modulo_tb.v";
    "./modulo.v";
    "./PC.v";
    "./somadorPC4.v";
