#! /usr/local/iverilog/bin/vvp
:ivl_version "11.0 (devel)" "(s20150603-642-g3bdb50da)";
:ivl_delay_selection "TYPICAL";
:vpi_time_precision + 0;
:vpi_module "system";
:vpi_module "vhdl_sys";
:vpi_module "vhdl_textio";
:vpi_module "v2005_math";
:vpi_module "va_math";
S_00000000010668a0 .scope module, "modulo" "modulo" 2 4;
 .timescale 0 0;
    .port_info 0 /INPUT 1 "clock";
    .port_info 1 /INPUT 32 "PC";
    .port_info 2 /OUTPUT 32 "PC4";
o0000000001066fc8 .functor BUFZ 32, C4<zzzzzzzzzzzzzzzzzzzzzzzzzzzzzzzz>; HiZ drive
v00000000001fb190_0 .net "PC", 31 0, o0000000001066fc8;  0 drivers
L_00000000010a8018 .functor BUFT 1, C4<00000000000000000000000000000001>, C4<0>, C4<0>, C4<0>;
RS_00000000010670b8 .resolv tri, v00000000001f6b60_0, L_00000000010a8018;
v00000000001fb230_0 .net8 "PC4", 31 0, RS_00000000010670b8;  2 drivers
o0000000001066f98 .functor BUFZ 1, C4<z>; HiZ drive
v00000000001fb2d0_0 .net "clock", 0 0, o0000000001066f98;  0 drivers
v00000000001fb370_0 .net "saida", 31 0, v00000000001f6890_0;  1 drivers
S_0000000001066a30 .scope module, "U0" "PC" 2 17, 3 1 0, S_00000000010668a0;
 .timescale 0 0;
    .port_info 0 /INPUT 1 "clock";
    .port_info 1 /INPUT 32 "entrada";
    .port_info 2 /OUTPUT 32 "saida";
v0000000001066bc0_0 .net "clock", 0 0, o0000000001066f98;  alias, 0 drivers
v00000000001f8460_0 .net "entrada", 31 0, o0000000001066fc8;  alias, 0 drivers
v00000000001f6890_0 .var "saida", 31 0;
E_00000000001fca10 .event posedge, v0000000001066bc0_0;
S_00000000001f6930 .scope module, "U1" "somadorPC4" 2 18, 4 1 0, S_00000000010668a0;
 .timescale 0 0;
    .port_info 0 /INPUT 1 "clock";
    .port_info 1 /INPUT 32 "PC";
    .port_info 2 /OUTPUT 32 "PC4";
v00000000001f6ac0_0 .net "PC", 31 0, v00000000001f6890_0;  alias, 1 drivers
v00000000001f6b60_0 .var "PC4", 31 0;
v00000000001f6c00_0 .net "clock", 0 0, o0000000001066f98;  alias, 0 drivers
    .scope S_0000000001066a30;
T_0 ;
    %wait E_00000000001fca10;
    %load/vec4 v00000000001f8460_0;
    %store/vec4 v00000000001f6890_0, 0, 32;
    %jmp T_0;
    .thread T_0;
    .scope S_00000000001f6930;
T_1 ;
    %wait E_00000000001fca10;
    %load/vec4 v00000000001f6ac0_0;
    %addi 4, 0, 32;
    %store/vec4 v00000000001f6b60_0, 0, 32;
    %jmp T_1;
    .thread T_1;
# The file index is used to find the file name in the following table.
:file_names 5;
    "N/A";
    "<interactive>";
    "modulo.v";
    "./PC.v";
    "./somadorPC4.v";
